<?xml version="1.0" encoding="UTF-8"?>
<testsuite name="uk.gov.hmcts.reform.pcqconsolidationservice.postdeploy.ConsolidationServiceFunctionalTest" tests="1" skipped="0" failures="0" errors="0" timestamp="2020-04-24T12:40:39" hostname="Manoj-MacBook-Pro.local" time="1.766">
  <properties/>
  <testcase name="testExecuteMethod" classname="uk.gov.hmcts.reform.pcqconsolidationservice.postdeploy.ConsolidationServiceFunctionalTest" time="1.766"/>
  <system-out><![CDATA[2020-04-24T13:40:28.203 INFO  [Test worker] o.s.b.t.context.SpringBootTestContextBootstrapper Neither @ContextConfiguration nor @ContextHierarchy found for test class [uk.gov.hmcts.reform.pcqconsolidationservice.postdeploy.ConsolidationServiceFunctionalTest], using SpringBootContextLoader
2020-04-24T13:40:28.211 INFO  [Test worker] o.s.test.context.support.AbstractContextLoader Could not detect default resource locations for test class [uk.gov.hmcts.reform.pcqconsolidationservice.postdeploy.ConsolidationServiceFunctionalTest]: no resource found for suffixes {-context.xml, Context.groovy}.
2020-04-24T13:40:28.447 INFO  [Test worker] o.s.b.t.context.SpringBootTestContextBootstrapper Loaded default TestExecutionListener class names from location [META-INF/spring.factories]: [org.springframework.security.test.context.support.WithSecurityContextTestExecutionListener, org.springframework.security.test.context.support.ReactorContextTestExecutionListener, org.springframework.boot.test.autoconfigure.restdocs.RestDocsTestExecutionListener, org.springframework.boot.test.autoconfigure.web.client.MockRestServiceServerResetTestExecutionListener, org.springframework.boot.test.autoconfigure.web.servlet.MockMvcPrintOnlyOnFailureTestExecutionListener, org.springframework.boot.test.autoconfigure.web.servlet.WebDriverTestExecutionListener, org.springframework.boot.test.mock.mockito.MockitoTestExecutionListener, org.springframework.boot.test.mock.mockito.ResetMocksTestExecutionListener, org.springframework.test.context.web.ServletTestExecutionListener, org.springframework.test.context.support.DirtiesContextBeforeModesTestExecutionListener, org.springframework.test.context.support.DependencyInjectionTestExecutionListener, org.springframework.test.context.support.DirtiesContextTestExecutionListener, org.springframework.test.context.transaction.TransactionalTestExecutionListener, org.springframework.test.context.jdbc.SqlScriptsTestExecutionListener, org.springframework.test.context.event.EventPublishingTestExecutionListener]
2020-04-24T13:40:28.472 INFO  [Test worker] o.s.b.t.context.SpringBootTestContextBootstrapper Using TestExecutionListeners: [org.springframework.test.context.web.ServletTestExecutionListener@766fca34, org.springframework.test.context.support.DirtiesContextBeforeModesTestExecutionListener@234605b4, org.springframework.boot.test.mock.mockito.MockitoTestExecutionListener@72875c06, org.springframework.boot.test.autoconfigure.SpringBootDependencyInjectionTestExecutionListener@51ef2749, org.springframework.test.context.support.DirtiesContextTestExecutionListener@59d9692a, org.springframework.security.test.context.support.WithSecurityContextTestExecutionListener@4a21bc00, org.springframework.test.context.event.EventPublishingTestExecutionListener@20ebe2e, org.springframework.security.test.context.support.ReactorContextTestExecutionListener@2a730449, org.springframework.boot.test.autoconfigure.restdocs.RestDocsTestExecutionListener@38f1b814, org.springframework.boot.test.autoconfigure.web.client.MockRestServiceServerResetTestExecutionListener@7f77d2b6, org.springframework.boot.test.autoconfigure.web.servlet.MockMvcPrintOnlyOnFailureTestExecutionListener@8fffcb8, org.springframework.boot.test.autoconfigure.web.servlet.WebDriverTestExecutionListener@3a9cf0a2, org.springframework.boot.test.mock.mockito.ResetMocksTestExecutionListener@f98cefd]

  .   ____          _            __ _ _
 /\\ / ___'_ __ _ _(_)_ __  __ _ \ \ \ \
( ( )\___ | '_ | '_| | '_ \/ _` | \ \ \ \
 \\/  ___)| |_)| | | | | || (_| |  ) ) ) )
  '  |____| .__|_| |_|_| |_\__, | / / / /
 =========|_|==============|___/=/_/_/_/
 :: Spring Boot ::        (v2.2.5.RELEASE)

2020-04-24T13:40:29.712 INFO  [Test worker] o.s.c.b.c.PropertySourceBootstrapConfiguration Located property source: [BootstrapPropertySource {name='bootstrapProperties-propertiesvolume.null'}]
2020-04-24T13:40:29.726 INFO  [Test worker] u.g.h.r.p.p.ConsolidationServiceFunctionalTest No active profile set, falling back to default profiles: default
2020-04-24T13:40:31.281 INFO  [Test worker] o.springframework.cloud.context.scope.GenericScope BeanFactory id=93126f00-8697-3495-8a3f-14dfd56baac0
2020-04-24T13:40:31.474 INFO  [Test worker] o.s.c.s.PostProcessorRegistrationDelegate$BeanPostProcessorChecker Bean 'uk.gov.hmcts.reform.pcqconsolidationservice.controller.feign.PcqBackendFeignClient' of type [org.springframework.cloud.openfeign.FeignClientFactoryBean] is not eligible for getting processed by all BeanPostProcessors (for example: not eligible for auto-proxying)
2020-04-24T13:40:31.526 INFO  [Test worker] o.s.c.s.PostProcessorRegistrationDelegate$BeanPostProcessorChecker Bean 'org.springframework.ws.config.annotation.DelegatingWsConfiguration' of type [org.springframework.ws.config.annotation.DelegatingWsConfiguration$$EnhancerBySpringCGLIB$$75087cd6] is not eligible for getting processed by all BeanPostProcessors (for example: not eligible for auto-proxying)
2020-04-24T13:40:31.564 INFO  [Test worker] o.s.w.s.a.server.AnnotationActionEndpointMapping Supporting [WS-Addressing August 2004, WS-Addressing 1.0]
2020-04-24T13:40:31.885 WARN  [Test worker] com.netflix.config.sources.URLConfigurationSource No URLs will be polled as dynamic configuration sources.
2020-04-24T13:40:31.885 INFO  [Test worker] com.netflix.config.sources.URLConfigurationSource To enable URLs as dynamic configuration sources, define System property archaius.configurationSource.additionalUrls or make config.properties available on classpath.
2020-04-24T13:40:31.902 INFO  [Test worker] com.netflix.config.DynamicPropertyFactory DynamicPropertyFactory is initialized with configuration sources: com.netflix.config.ConcurrentCompositeConfiguration@76c5b36f
2020-04-24T13:40:32.696 INFO  [Test worker] o.s.b.actuate.endpoint.web.EndpointLinksResolver Exposing 2 endpoint(s) beneath base path ''
2020-04-24T13:40:32.850 INFO  [Test worker] s.d.s.w.PropertySourcedRequestMappingHandlerMapping Mapped URL path [/v2/api-docs] onto method [springfox.documentation.swagger2.web.Swagger2Controller#getDocumentation(String, HttpServletRequest)]
2020-04-24T13:40:32.969 INFO  [Test worker] o.s.b.a.s.s.UserDetailsServiceAutoConfiguration 

Using generated security password: f73a18aa-f997-455c-9995-151d3a131cd8

2020-04-24T13:40:33.061 INFO  [Test worker] o.s.security.web.DefaultSecurityFilterChain Creating filter chain: Ant [pattern='/swagger-ui.html'], []
2020-04-24T13:40:33.061 INFO  [Test worker] o.s.security.web.DefaultSecurityFilterChain Creating filter chain: Ant [pattern='/webjars/springfox-swagger-ui/**'], []
2020-04-24T13:40:33.061 INFO  [Test worker] o.s.security.web.DefaultSecurityFilterChain Creating filter chain: Ant [pattern='/swagger-resources/**'], []
2020-04-24T13:40:33.061 INFO  [Test worker] o.s.security.web.DefaultSecurityFilterChain Creating filter chain: Ant [pattern='/health'], []
2020-04-24T13:40:33.061 INFO  [Test worker] o.s.security.web.DefaultSecurityFilterChain Creating filter chain: Ant [pattern='/health/liveness'], []
2020-04-24T13:40:33.061 INFO  [Test worker] o.s.security.web.DefaultSecurityFilterChain Creating filter chain: Ant [pattern='/pcq/test/**'], []
2020-04-24T13:40:33.061 INFO  [Test worker] o.s.security.web.DefaultSecurityFilterChain Creating filter chain: Ant [pattern='/v2/api-docs/**'], []
2020-04-24T13:40:33.061 INFO  [Test worker] o.s.security.web.DefaultSecurityFilterChain Creating filter chain: Ant [pattern='/info'], []
2020-04-24T13:40:33.061 INFO  [Test worker] o.s.security.web.DefaultSecurityFilterChain Creating filter chain: Ant [pattern='/favicon.ico'], []
2020-04-24T13:40:33.061 INFO  [Test worker] o.s.security.web.DefaultSecurityFilterChain Creating filter chain: Ant [pattern='/'], []
2020-04-24T13:40:33.186 INFO  [Test worker] o.s.security.web.DefaultSecurityFilterChain Creating filter chain: any request, [org.springframework.security.web.context.request.async.WebAsyncManagerIntegrationFilter@56cebb41, org.springframework.security.web.context.SecurityContextPersistenceFilter@cc100a4, org.springframework.security.web.header.HeaderWriterFilter@2e7826ff, org.springframework.security.web.csrf.CsrfFilter@13e42f48, org.springframework.security.web.authentication.logout.LogoutFilter@48938496, org.springframework.security.web.authentication.UsernamePasswordAuthenticationFilter@1a3119bf, org.springframework.security.web.authentication.ui.DefaultLoginPageGeneratingFilter@1a0bf8f0, org.springframework.security.web.authentication.ui.DefaultLogoutPageGeneratingFilter@4eaa4efa, org.springframework.security.web.authentication.www.BasicAuthenticationFilter@29792193, org.springframework.security.web.savedrequest.RequestCacheAwareFilter@2baa996b, org.springframework.security.web.servletapi.SecurityContextHolderAwareRequestFilter@573ca9d3, org.springframework.security.web.authentication.AnonymousAuthenticationFilter@2e3f9b05, org.springframework.security.web.session.SessionManagementFilter@fb5630a, org.springframework.security.web.access.ExceptionTranslationFilter@4e064272, org.springframework.security.web.access.intercept.FilterSecurityInterceptor@545bd356]
2020-04-24T13:40:33.344 WARN  [Test worker] com.netflix.config.sources.URLConfigurationSource No URLs will be polled as dynamic configuration sources.
2020-04-24T13:40:33.344 INFO  [Test worker] com.netflix.config.sources.URLConfigurationSource To enable URLs as dynamic configuration sources, define System property archaius.configurationSource.additionalUrls or make config.properties available on classpath.
2020-04-24T13:40:33.689 INFO  [Test worker] o.s.scheduling.concurrent.ThreadPoolTaskExecutor Initializing ExecutorService 'applicationTaskExecutor'
2020-04-24T13:40:39.501 INFO  [Test worker] s.d.s.web.plugins.DocumentationPluginsBootstrapper Context refreshed
2020-04-24T13:40:39.521 INFO  [Test worker] s.d.s.web.plugins.DocumentationPluginsBootstrapper Found 1 custom documentation plugin(s)
2020-04-24T13:40:39.556 INFO  [Test worker] s.d.spring.web.scanners.ApiListingReferenceScanner Scanning for api listing references
2020-04-24T13:40:39.650 INFO  [Test worker] u.g.h.r.p.p.ConsolidationServiceFunctionalTest Started ConsolidationServiceFunctionalTest in 11.11 seconds (JVM running for 18.221)
2020-04-24T13:40:41.325 INFO  [Test worker] u.g.h.r.p.postdeploy.ConsolidationServiceTestBase Returned response {pcqId=9734020e-0e14-4e69-b678-a780129d5043, responseStatusCode=201, responseStatus=Successfully created}
2020-04-24T13:40:41.354 INFO  [Test worker] u.g.h.r.p.postdeploy.ConsolidationServiceTestBase Returned response {pcqId=e5a6ad41-5018-4ca1-bee4-12f2ec419503, responseStatusCode=201, responseStatus=Successfully created}
2020-04-24T13:40:41.382 INFO  [Test worker] u.g.h.r.p.postdeploy.ConsolidationServiceTestBase Returned response {pcqId=56811ed9-4595-44a1-b34c-88c579ab9e75, responseStatusCode=201, responseStatus=Successfully created}
]]></system-out>
  <system-err><![CDATA[]]></system-err>
</testsuite>
