<?xml version="1.0" encoding="UTF-8"?>
<testsuite name="uk.gov.hmcts.reform.pcqconsolidationservice.config.ServiceConfigProviderTest" tests="2" skipped="0" failures="0" errors="0" timestamp="2020-06-26T11:04:00" hostname="Manoj-MacBook-Pro.local" time="0.15">
  <properties/>
  <testcase name="configShouldReturnTheRightServiceConfigurationWhenPresent()" classname="uk.gov.hmcts.reform.pcqconsolidationservice.config.ServiceConfigProviderTest" time="0.144"/>
  <testcase name="configShouldThrowExceptionWhenServiceIsNotConfigured()" classname="uk.gov.hmcts.reform.pcqconsolidationservice.config.ServiceConfigProviderTest" time="0.005"/>
  <system-out><![CDATA[]]></system-out>
  <system-err><![CDATA[]]></system-err>
</testsuite>
