<?xml version="1.0" encoding="UTF-8"?>
<testsuite name="uk.gov.hmcts.reform.pcqconsolidationservice.controllers.advice.ErrorResponseTest" tests="2" skipped="0" failures="0" errors="0" timestamp="2020-06-26T11:04:01" hostname="Manoj-MacBook-Pro.local" time="0.001">
  <properties/>
  <testcase name="testNoArgsConstructor()" classname="uk.gov.hmcts.reform.pcqconsolidationservice.controllers.advice.ErrorResponseTest" time="0.0"/>
  <testcase name="testErrorResponse()" classname="uk.gov.hmcts.reform.pcqconsolidationservice.controllers.advice.ErrorResponseTest" time="0.0"/>
  <system-out><![CDATA[]]></system-out>
  <system-err><![CDATA[]]></system-err>
</testsuite>
