<?xml version="1.0" encoding="UTF-8"?>
<testsuite name="uk.gov.hmcts.reform.pcqconsolidationservice.service.impl.PcqBackendServiceImplTest" tests="10" skipped="0" failures="0" errors="0" timestamp="2020-06-26T11:04:01" hostname="Manoj-MacBook-Pro.local" time="0.464">
  <properties/>
  <testcase name="testSuccess200Response2()" classname="uk.gov.hmcts.reform.pcqconsolidationservice.service.impl.PcqBackendServiceImplTest" time="0.405"/>
  <testcase name="testInvalidRequestErrorResponse()" classname="uk.gov.hmcts.reform.pcqconsolidationservice.service.impl.PcqBackendServiceImplTest" time="0.028"/>
  <testcase name="testOtherErrorResponse()" classname="uk.gov.hmcts.reform.pcqconsolidationservice.service.impl.PcqBackendServiceImplTest" time="0.003"/>
  <testcase name="executeFeignApiError()" classname="uk.gov.hmcts.reform.pcqconsolidationservice.service.impl.PcqBackendServiceImplTest" time="0.005"/>
  <testcase name="testUnknownErrorResponse2()" classname="uk.gov.hmcts.reform.pcqconsolidationservice.service.impl.PcqBackendServiceImplTest" time="0.002"/>
  <testcase name="testSuccess200Response()" classname="uk.gov.hmcts.reform.pcqconsolidationservice.service.impl.PcqBackendServiceImplTest" time="0.006"/>
  <testcase name="testUnknownErrorResponse()" classname="uk.gov.hmcts.reform.pcqconsolidationservice.service.impl.PcqBackendServiceImplTest" time="0.003"/>
  <testcase name="testInvalidRequestErrorResponse2()" classname="uk.gov.hmcts.reform.pcqconsolidationservice.service.impl.PcqBackendServiceImplTest" time="0.002"/>
  <testcase name="executeFeignApiError2()" classname="uk.gov.hmcts.reform.pcqconsolidationservice.service.impl.PcqBackendServiceImplTest" time="0.002"/>
  <testcase name="testOtherErrorResponse2()" classname="uk.gov.hmcts.reform.pcqconsolidationservice.service.impl.PcqBackendServiceImplTest" time="0.002"/>
  <system-out><![CDATA[]]></system-out>
  <system-err><![CDATA[]]></system-err>
</testsuite>
