<?xml version="1.0" encoding="UTF-8"?>
<testsuite name="uk.gov.hmcts.reform.pcqconsolidationservice.utils.JsonFeignResponseUtilTest" tests="5" skipped="0" failures="0" errors="0" timestamp="2020-06-26T11:04:02" hostname="Manoj-MacBook-Pro.local" time="0.139">
  <properties/>
  <testcase name="privateConstructorTest" classname="uk.gov.hmcts.reform.pcqconsolidationservice.utils.JsonFeignResponseUtilTest" time="0.003"/>
  <testcase name="testDecode_fails_with_ioException" classname="uk.gov.hmcts.reform.pcqconsolidationservice.utils.JsonFeignResponseUtilTest" time="0.097"/>
  <testcase name="test_convertHeaders" classname="uk.gov.hmcts.reform.pcqconsolidationservice.utils.JsonFeignResponseUtilTest" time="0.027"/>
  <testcase name="testDecode" classname="uk.gov.hmcts.reform.pcqconsolidationservice.utils.JsonFeignResponseUtilTest" time="0.001"/>
  <testcase name="test_toResponseEntity_with_payload_not_empty" classname="uk.gov.hmcts.reform.pcqconsolidationservice.utils.JsonFeignResponseUtilTest" time="0.009"/>
  <system-out><![CDATA[2020-06-26T12:04:02.213 ERROR [Test worker] u.g.h.r.p.utils.JsonFeignResponseUtilTest Error during execution null
]]></system-out>
  <system-err><![CDATA[]]></system-err>
</testsuite>
