<?xml version="1.0" encoding="UTF-8"?>
<testsuite name="uk.gov.hmcts.reform.pcqconsolidationservice.services.ccd.CcdClientApiTest" tests="2" skipped="0" failures="0" errors="0" timestamp="2020-06-26T11:04:01" hostname="Manoj-MacBook-Pro.local" time="0.155">
  <properties/>
  <testcase name="useCcdClientToFindCasesByPcqIdWithCustomPcqField()" classname="uk.gov.hmcts.reform.pcqconsolidationservice.services.ccd.CcdClientApiTest" time="0.151"/>
  <testcase name="useCcdClientToFindCasesByPcqIdWithNoPcqFieldMapping()" classname="uk.gov.hmcts.reform.pcqconsolidationservice.services.ccd.CcdClientApiTest" time="0.004"/>
  <system-out><![CDATA[2020-06-26T12:04:02.084 INFO  [Test worker] u.g.h.r.p.services.ccd.CcdClientApi Searching for pcqId 1234 within the service pcqtest using CCD field applicantPcdId
2020-06-26T12:04:02.090 INFO  [Test worker] u.g.h.r.p.services.ccd.CcdClientApi Searching for pcqId 1234 within the service pcqtest using CCD field pcqId
]]></system-out>
  <system-err><![CDATA[]]></system-err>
</testsuite>
