<?xml version="1.0" encoding="UTF-8"?>
<testsuite name="uk.gov.hmcts.reform.pcqconsolidationservice.controllers.response.PcqWithoutCaseResponseTest" tests="1" skipped="0" failures="0" errors="0" timestamp="2020-06-26T11:04:01" hostname="Manoj-MacBook-Pro.local" time="0.003">
  <properties/>
  <testcase name="testPcqWithoutCaseResponse()" classname="uk.gov.hmcts.reform.pcqconsolidationservice.controllers.response.PcqWithoutCaseResponseTest" time="0.003"/>
  <system-out><![CDATA[]]></system-out>
  <system-err><![CDATA[]]></system-err>
</testsuite>
