<?xml version="1.0" encoding="UTF-8"?>
<testsuite name="uk.gov.hmcts.reform.pcqconsolidationservice.test.ConsolidationServiceFunctionalTest" tests="1" skipped="0" failures="0" errors="0" timestamp="2020-04-23T18:57:34" hostname="Manoj-MacBook-Pro.local" time="1.807">
  <properties/>
  <testcase name="testExecuteMethod" classname="uk.gov.hmcts.reform.pcqconsolidationservice.test.ConsolidationServiceFunctionalTest" time="1.807"/>
  <system-out><![CDATA[2020-04-23T19:57:23.228 INFO  [Test worker] o.s.b.t.context.SpringBootTestContextBootstrapper Neither @ContextConfiguration nor @ContextHierarchy found for test class [uk.gov.hmcts.reform.pcqconsolidationservice.test.ConsolidationServiceFunctionalTest], using SpringBootContextLoader
2020-04-23T19:57:23.237 INFO  [Test worker] o.s.test.context.support.AbstractContextLoader Could not detect default resource locations for test class [uk.gov.hmcts.reform.pcqconsolidationservice.test.ConsolidationServiceFunctionalTest]: no resource found for suffixes {-context.xml, Context.groovy}.
2020-04-23T19:57:23.505 INFO  [Test worker] o.s.b.t.context.SpringBootTestContextBootstrapper Loaded default TestExecutionListener class names from location [META-INF/spring.factories]: [org.springframework.security.test.context.support.WithSecurityContextTestExecutionListener, org.springframework.security.test.context.support.ReactorContextTestExecutionListener, org.springframework.boot.test.autoconfigure.restdocs.RestDocsTestExecutionListener, org.springframework.boot.test.autoconfigure.web.client.MockRestServiceServerResetTestExecutionListener, org.springframework.boot.test.autoconfigure.web.servlet.MockMvcPrintOnlyOnFailureTestExecutionListener, org.springframework.boot.test.autoconfigure.web.servlet.WebDriverTestExecutionListener, org.springframework.boot.test.mock.mockito.MockitoTestExecutionListener, org.springframework.boot.test.mock.mockito.ResetMocksTestExecutionListener, org.springframework.test.context.web.ServletTestExecutionListener, org.springframework.test.context.support.DirtiesContextBeforeModesTestExecutionListener, org.springframework.test.context.support.DependencyInjectionTestExecutionListener, org.springframework.test.context.support.DirtiesContextTestExecutionListener, org.springframework.test.context.transaction.TransactionalTestExecutionListener, org.springframework.test.context.jdbc.SqlScriptsTestExecutionListener, org.springframework.test.context.event.EventPublishingTestExecutionListener]
2020-04-23T19:57:23.526 INFO  [Test worker] o.s.b.t.context.SpringBootTestContextBootstrapper Using TestExecutionListeners: [org.springframework.test.context.web.ServletTestExecutionListener@712d30bf, org.springframework.test.context.support.DirtiesContextBeforeModesTestExecutionListener@57afadb5, org.springframework.boot.test.mock.mockito.MockitoTestExecutionListener@2b280e77, org.springframework.boot.test.autoconfigure.SpringBootDependencyInjectionTestExecutionListener@103f3bd8, org.springframework.test.context.support.DirtiesContextTestExecutionListener@88f59a8, org.springframework.security.test.context.support.WithSecurityContextTestExecutionListener@22e79f09, org.springframework.test.context.event.EventPublishingTestExecutionListener@49576694, org.springframework.security.test.context.support.ReactorContextTestExecutionListener@205f759d, org.springframework.boot.test.autoconfigure.restdocs.RestDocsTestExecutionListener@526f3a27, org.springframework.boot.test.autoconfigure.web.client.MockRestServiceServerResetTestExecutionListener@4ceee8b4, org.springframework.boot.test.autoconfigure.web.servlet.MockMvcPrintOnlyOnFailureTestExecutionListener@3e7f447b, org.springframework.boot.test.autoconfigure.web.servlet.WebDriverTestExecutionListener@65d73db4, org.springframework.boot.test.mock.mockito.ResetMocksTestExecutionListener@4ec29d2b]

  .   ____          _            __ _ _
 /\\ / ___'_ __ _ _(_)_ __  __ _ \ \ \ \
( ( )\___ | '_ | '_| | '_ \/ _` | \ \ \ \
 \\/  ___)| |_)| | | | | || (_| |  ) ) ) )
  '  |____| .__|_| |_|_| |_\__, | / / / /
 =========|_|==============|___/=/_/_/_/
 :: Spring Boot ::        (v2.2.5.RELEASE)

2020-04-23T19:57:24.658 INFO  [Test worker] o.s.c.b.c.PropertySourceBootstrapConfiguration Located property source: [BootstrapPropertySource {name='bootstrapProperties-propertiesvolume.null'}]
2020-04-23T19:57:24.670 INFO  [Test worker] u.g.h.r.p.test.ConsolidationServiceFunctionalTest No active profile set, falling back to default profiles: default
2020-04-23T19:57:25.942 INFO  [Test worker] o.springframework.cloud.context.scope.GenericScope BeanFactory id=93126f00-8697-3495-8a3f-14dfd56baac0
2020-04-23T19:57:26.111 INFO  [Test worker] o.s.c.s.PostProcessorRegistrationDelegate$BeanPostProcessorChecker Bean 'uk.gov.hmcts.reform.pcqconsolidationservice.controller.feign.PcqBackendFeignClient' of type [org.springframework.cloud.openfeign.FeignClientFactoryBean] is not eligible for getting processed by all BeanPostProcessors (for example: not eligible for auto-proxying)
2020-04-23T19:57:26.157 INFO  [Test worker] o.s.c.s.PostProcessorRegistrationDelegate$BeanPostProcessorChecker Bean 'org.springframework.ws.config.annotation.DelegatingWsConfiguration' of type [org.springframework.ws.config.annotation.DelegatingWsConfiguration$$EnhancerBySpringCGLIB$$d9afa955] is not eligible for getting processed by all BeanPostProcessors (for example: not eligible for auto-proxying)
2020-04-23T19:57:26.190 INFO  [Test worker] o.s.w.s.a.server.AnnotationActionEndpointMapping Supporting [WS-Addressing August 2004, WS-Addressing 1.0]
2020-04-23T19:57:26.460 WARN  [Test worker] com.netflix.config.sources.URLConfigurationSource No URLs will be polled as dynamic configuration sources.
2020-04-23T19:57:26.460 INFO  [Test worker] com.netflix.config.sources.URLConfigurationSource To enable URLs as dynamic configuration sources, define System property archaius.configurationSource.additionalUrls or make config.properties available on classpath.
2020-04-23T19:57:26.475 INFO  [Test worker] com.netflix.config.DynamicPropertyFactory DynamicPropertyFactory is initialized with configuration sources: com.netflix.config.ConcurrentCompositeConfiguration@6e7ab54e
2020-04-23T19:57:27.189 INFO  [Test worker] o.s.b.actuate.endpoint.web.EndpointLinksResolver Exposing 2 endpoint(s) beneath base path ''
2020-04-23T19:57:27.352 INFO  [Test worker] s.d.s.w.PropertySourcedRequestMappingHandlerMapping Mapped URL path [/v2/api-docs] onto method [springfox.documentation.swagger2.web.Swagger2Controller#getDocumentation(String, HttpServletRequest)]
2020-04-23T19:57:27.450 INFO  [Test worker] o.s.b.a.s.s.UserDetailsServiceAutoConfiguration 

Using generated security password: b019d096-4432-4f1b-aabb-eb7cf5559e97

2020-04-23T19:57:27.527 INFO  [Test worker] o.s.security.web.DefaultSecurityFilterChain Creating filter chain: Ant [pattern='/swagger-ui.html'], []
2020-04-23T19:57:27.527 INFO  [Test worker] o.s.security.web.DefaultSecurityFilterChain Creating filter chain: Ant [pattern='/webjars/springfox-swagger-ui/**'], []
2020-04-23T19:57:27.527 INFO  [Test worker] o.s.security.web.DefaultSecurityFilterChain Creating filter chain: Ant [pattern='/swagger-resources/**'], []
2020-04-23T19:57:27.527 INFO  [Test worker] o.s.security.web.DefaultSecurityFilterChain Creating filter chain: Ant [pattern='/health'], []
2020-04-23T19:57:27.527 INFO  [Test worker] o.s.security.web.DefaultSecurityFilterChain Creating filter chain: Ant [pattern='/health/liveness'], []
2020-04-23T19:57:27.527 INFO  [Test worker] o.s.security.web.DefaultSecurityFilterChain Creating filter chain: Ant [pattern='/pcq/test/**'], []
2020-04-23T19:57:27.527 INFO  [Test worker] o.s.security.web.DefaultSecurityFilterChain Creating filter chain: Ant [pattern='/v2/api-docs/**'], []
2020-04-23T19:57:27.527 INFO  [Test worker] o.s.security.web.DefaultSecurityFilterChain Creating filter chain: Ant [pattern='/info'], []
2020-04-23T19:57:27.527 INFO  [Test worker] o.s.security.web.DefaultSecurityFilterChain Creating filter chain: Ant [pattern='/favicon.ico'], []
2020-04-23T19:57:27.527 INFO  [Test worker] o.s.security.web.DefaultSecurityFilterChain Creating filter chain: Ant [pattern='/'], []
2020-04-23T19:57:27.618 INFO  [Test worker] o.s.security.web.DefaultSecurityFilterChain Creating filter chain: any request, [org.springframework.security.web.context.request.async.WebAsyncManagerIntegrationFilter@65f61f8d, org.springframework.security.web.context.SecurityContextPersistenceFilter@7b68a679, org.springframework.security.web.header.HeaderWriterFilter@5db770d3, org.springframework.security.web.csrf.CsrfFilter@e20e916, org.springframework.security.web.authentication.logout.LogoutFilter@1745cf19, org.springframework.security.web.authentication.UsernamePasswordAuthenticationFilter@4e90e81e, org.springframework.security.web.authentication.ui.DefaultLoginPageGeneratingFilter@2003d0ca, org.springframework.security.web.authentication.ui.DefaultLogoutPageGeneratingFilter@11145b4d, org.springframework.security.web.authentication.www.BasicAuthenticationFilter@8dd963a, org.springframework.security.web.savedrequest.RequestCacheAwareFilter@3eae849, org.springframework.security.web.servletapi.SecurityContextHolderAwareRequestFilter@1a73b3b1, org.springframework.security.web.authentication.AnonymousAuthenticationFilter@751c7313, org.springframework.security.web.session.SessionManagementFilter@7fc2ed6c, org.springframework.security.web.access.ExceptionTranslationFilter@27c52d, org.springframework.security.web.access.intercept.FilterSecurityInterceptor@4214156]
2020-04-23T19:57:27.762 WARN  [Test worker] com.netflix.config.sources.URLConfigurationSource No URLs will be polled as dynamic configuration sources.
2020-04-23T19:57:27.762 INFO  [Test worker] com.netflix.config.sources.URLConfigurationSource To enable URLs as dynamic configuration sources, define System property archaius.configurationSource.additionalUrls or make config.properties available on classpath.
2020-04-23T19:57:28.169 INFO  [Test worker] o.s.scheduling.concurrent.ThreadPoolTaskExecutor Initializing ExecutorService 'applicationTaskExecutor'
2020-04-23T19:57:33.931 INFO  [Test worker] s.d.s.web.plugins.DocumentationPluginsBootstrapper Context refreshed
2020-04-23T19:57:33.956 INFO  [Test worker] s.d.s.web.plugins.DocumentationPluginsBootstrapper Found 1 custom documentation plugin(s)
2020-04-23T19:57:33.998 INFO  [Test worker] s.d.spring.web.scanners.ApiListingReferenceScanner Scanning for api listing references
2020-04-23T19:57:34.096 INFO  [Test worker] u.g.h.r.p.test.ConsolidationServiceFunctionalTest Started ConsolidationServiceFunctionalTest in 10.512 seconds (JVM running for 17.343)
2020-04-23T19:57:35.732 INFO  [Test worker] u.g.h.r.p.test.ConsolidationServiceTestBase Returned response {pcqId=7b8cbb87-4702-4abe-8594-0f02f0ea8be5, responseStatusCode=201, responseStatus=Successfully created}
2020-04-23T19:57:35.762 INFO  [Test worker] u.g.h.r.p.test.ConsolidationServiceTestBase Returned response {pcqId=fd6cc37f-0db5-4d04-be99-378a6458cef4, responseStatusCode=201, responseStatus=Successfully created}
2020-04-23T19:57:35.871 INFO  [Test worker] u.g.h.r.p.test.ConsolidationServiceTestBase Returned response {pcqId=ff2e8fc1-dc4a-4fce-bf07-180a7d30b4aa, responseStatusCode=201, responseStatus=Successfully created}
]]></system-out>
  <system-err><![CDATA[]]></system-err>
</testsuite>
